<?xml version="1.0" encoding="UTF-8"?>
<!-- Generated by org.testng.reporters.JUnitReportReporter -->
<testsuite skipped="0" hostname="SunnysComputer" name="com.orangehrmlive_employee_scripts.CountAllTextBoxesTC_103" tests="1" failures="0" timestamp="07 Dec 2018 11:38:30 GMT" time="55.640" errors="0">
  <testcase name="testCountAllTextBoxesTC_103" time="55.640" classname="com.orangehrmlive_employee_scripts.CountAllTextBoxesTC_103"/>
</testsuite> <!-- com.orangehrmlive_employee_scripts.CountAllTextBoxesTC_103 -->
