<?xml version="1.0" encoding="UTF-8"?>
<!-- Generated by org.testng.reporters.JUnitReportReporter -->
<testsuite skipped="0" hostname="SunnysComputer" name="com.orangehrmlive_employee_scripts.AddEmployeeTC_102" tests="1" failures="0" timestamp="07 Dec 2018 10:25:34 GMT" time="34.349" errors="0">
  <testcase name="testAddEmployeeTC_102" time="34.349" classname="com.orangehrmlive_employee_scripts.AddEmployeeTC_102"/>
</testsuite> <!-- com.orangehrmlive_employee_scripts.AddEmployeeTC_102 -->
