<?xml version="1.0" encoding="UTF-8"?>
<!-- Generated by org.testng.reporters.JUnitReportReporter -->
<testsuite skipped="0" hostname="SunnysComputer" name="com.orangehrmlive_Rough_Scripts.ScrollPage" tests="1" failures="0" timestamp="12 Dec 2018 16:02:52 GMT" time="27.389" errors="0">
  <testcase name="scrollDown" time="27.389" classname="com.orangehrmlive_Rough_Scripts.ScrollPage"/>
</testsuite> <!-- com.orangehrmlive_Rough_Scripts.ScrollPage -->
