<?xml version="1.0" encoding="UTF-8"?>
<!-- Generated by org.testng.reporters.JUnitReportReporter -->
<testsuite skipped="0" hostname="SunnysComputer" name="com.orangehrmlive_Rough_Scripts.LocationAndSize" tests="1" failures="0" timestamp="17 Dec 2018 06:23:16 GMT" time="30.101" errors="0">
  <testcase name="testLocationAndSize" time="30.101" classname="com.orangehrmlive_Rough_Scripts.LocationAndSize"/>
</testsuite> <!-- com.orangehrmlive_Rough_Scripts.LocationAndSize -->
