<?xml version="1.0" encoding="UTF-8"?>
<!-- Generated by org.testng.reporters.JUnitReportReporter -->
<testsuite skipped="0" hostname="SunnysComputer" name="com.orangehrmlive_Rough_Scripts.LoginLogoutPractice" tests="1" failures="0" timestamp="19 Dec 2018 17:48:54 GMT" time="40.459" errors="0">
  <testcase name="testLoginLogoutPractice" time="40.459" classname="com.orangehrmlive_Rough_Scripts.LoginLogoutPractice"/>
</testsuite> <!-- com.orangehrmlive_Rough_Scripts.LoginLogoutPractice -->
